<?xml version="1.0" encoding="UTF-8"?>
<!-- Generated by org.testng.reporters.JUnitReportReporter -->
<testsuite hostname="LAPTOP-0SCJ6J7A" failures="0" tests="1" name="demogit.DriverTest" time="13.191" errors="0" timestamp="2022-03-21T22:36:40 IST" skipped="0">
  <testcase classname="demogit.DriverTest" name="test" time="13.191"/>
  <system-out/>
</testsuite> <!-- demogit.DriverTest -->
