<?xml version="1.0" encoding="UTF-8"?>
<!-- Generated by org.testng.reporters.JUnitReportReporter -->
<testsuite hostname="LAPTOP-0SCJ6J7A" failures="0" tests="3" name="demogit.Demotest" time="0.011" errors="0" timestamp="2022-04-06T14:39:43 IST" skipped="0">
  <testcase classname="demogit.Demotest" name="Demo2" time="0.009"/>
  <system-out/>
  <testcase classname="demogit.Demotest" name="Demo3" time="0.001"/>
  <system-out/>
  <testcase classname="demogit.Demotest" name="demo" time="0.001"/>
  <system-out/>
</testsuite> <!-- demogit.Demotest -->
